0 info it worked if it ends with ok
1 verbose cli [ '/home/apple/.nvm/versions/node/v6.9.0/bin/node',
1 verbose cli   '/home/apple/.nvm/versions/node/v6.9.0/bin/npm',
1 verbose cli   'start' ]
2 info using npm@3.10.8
3 info using node@v6.9.0
4 verbose run-script [ 'prestart', 'start', 'poststart' ]
5 info lifecycle node-token-jwt@~prestart: node-token-jwt@
6 silly lifecycle node-token-jwt@~prestart: no script for prestart, continuing
7 info lifecycle node-token-jwt@~start: node-token-jwt@
8 verbose lifecycle node-token-jwt@~start: unsafe-perm in lifecycle true
9 verbose lifecycle node-token-jwt@~start: PATH: /home/apple/.nvm/versions/node/v6.9.0/lib/node_modules/npm/bin/node-gyp-bin:/media/apple/f50223eb-8502-4183-93ad-3e6be8fce2e0/work/darion/KP_API/node_modules/.bin:/home/apple/.nvm/versions/node/v6.9.0/bin:/usr/local/sbin:/usr/local/bin:/usr/sbin:/usr/bin:/sbin:/bin:/snap/bin:/home/apple/.go/bin
10 verbose lifecycle node-token-jwt@~start: CWD: /media/apple/f50223eb-8502-4183-93ad-3e6be8fce2e0/work/darion/KP_API
11 silly lifecycle node-token-jwt@~start: Args: [ '-c', 'node server.js' ]
12 silly lifecycle node-token-jwt@~start: Returned: code: 1  signal: null
13 info lifecycle node-token-jwt@~start: Failed to exec start script
14 verbose stack Error: node-token-jwt@ start: `node server.js`
14 verbose stack Exit status 1
14 verbose stack     at EventEmitter.<anonymous> (/home/apple/.nvm/versions/node/v6.9.0/lib/node_modules/npm/lib/utils/lifecycle.js:255:16)
14 verbose stack     at emitTwo (events.js:106:13)
14 verbose stack     at EventEmitter.emit (events.js:191:7)
14 verbose stack     at ChildProcess.<anonymous> (/home/apple/.nvm/versions/node/v6.9.0/lib/node_modules/npm/lib/utils/spawn.js:40:14)
14 verbose stack     at emitTwo (events.js:106:13)
14 verbose stack     at ChildProcess.emit (events.js:191:7)
14 verbose stack     at maybeClose (internal/child_process.js:877:16)
14 verbose stack     at Process.ChildProcess._handle.onexit (internal/child_process.js:226:5)
15 verbose pkgid node-token-jwt@
16 verbose cwd /media/apple/f50223eb-8502-4183-93ad-3e6be8fce2e0/work/darion/KP_API
17 error Linux 4.2.0-42-generic
18 error argv "/home/apple/.nvm/versions/node/v6.9.0/bin/node" "/home/apple/.nvm/versions/node/v6.9.0/bin/npm" "start"
19 error node v6.9.0
20 error npm  v3.10.8
21 error code ELIFECYCLE
22 error node-token-jwt@ start: `node server.js`
22 error Exit status 1
23 error Failed at the node-token-jwt@ start script 'node server.js'.
23 error Make sure you have the latest version of node.js and npm installed.
23 error If you do, this is most likely a problem with the node-token-jwt package,
23 error not with npm itself.
23 error Tell the author that this fails on your system:
23 error     node server.js
23 error You can get information on how to open an issue for this project with:
23 error     npm bugs node-token-jwt
23 error Or if that isn't available, you can get their info via:
23 error     npm owner ls node-token-jwt
23 error There is likely additional logging output above.
24 verbose exit [ 1, true ]
